<?xml version="1.0" encoding="UTF-8"?>
<!-- Generated by org.testng.reporters.JUnitXMLReporter -->
<testsuite hostname="DESKTOP-7A46BKQ" name="ws-selenium-automation" tests="1" failures="1" timestamp="10 Jan 2018 09:18:39 GMT" time="24.503" errors="0">
  <testcase name="verifyProductSavedForLater" time="18.255" classname="com.williamssonoma.williamsSonomaTestAutomation.WilliamsSonomaCookwareShoppingCartTests">
    <failure type="org.openqa.selenium.WebDriverException" message="unknown error: Element &amp;lt;button aria-label=&amp;quot;Add to Cart&amp;quot; class=&amp;quot;btn btn_addtobasket btn_addtobasket_add&amp;quot; data-layer-event=&amp;quot;{ item : &amp;apos;ADD TO CART&amp;apos;, category : &amp;apos;PIP ITEM&amp;apos;}&amp;quot; data-relate=&amp;quot;{&amp;amp;quot;subsetSectionType&amp;amp;quot;:&amp;amp;quot;primaryGroup&amp;amp;quot;}&amp;quot;&amp;gt;...&amp;lt;/button&amp;gt; is not clickable at point (834, 20). Other element would receive the click: &amp;lt;a href=&amp;quot;https://www.williams-sonoma.com/account/?cm_type=gnav&amp;amp;amp;cm_sp=HeaderLinks-_-SearchBox-_-MyAccount&amp;quot;&amp;gt;...&amp;lt;/a&amp;gt;
  (Session info: chrome=63.0.3239.132)
  (Driver info: chromedriver=2.33.506120 (e3e53437346286c0bc2d2dc9aa4915ba81d9023f),platform=Windows NT 10.0.16299 x86_64) (WARNING: The server did not provide any stacktrace information)
Command duration or timeout: 61 milliseconds
Build info: version: &amp;apos;3.0.0&amp;apos;, revision: &amp;apos;350cf60&amp;apos;, time: &amp;apos;2016-10-13 10:48:57 -0700&amp;apos;
System info: host: &amp;apos;DESKTOP-7A46BKQ&amp;apos;, ip: &amp;apos;192.168.0.7&amp;apos;, os.name: &amp;apos;Windows 10&amp;apos;, os.arch: &amp;apos;amd64&amp;apos;, os.version: &amp;apos;10.0&amp;apos;, java.version: &amp;apos;1.8.0_151&amp;apos;
Driver info: org.openqa.selenium.chrome.ChromeDriver
Capabilities [{applicationCacheEnabled=false, rotatable=false, mobileEmulationEnabled=false, networkConnectionEnabled=false, chrome={chromedriverVersion=2.33.506120 (e3e53437346286c0bc2d2dc9aa4915ba81d9023f), userDataDir=C:\Users\Riya\AppData\Local\Temp\scoped_dir10008_14583}, takesHeapSnapshot=true, pageLoadStrategy=normal, databaseEnabled=false, handlesAlerts=true, hasTouchScreen=false, version=63.0.3239.132, platform=XP, browserConnectionEnabled=false, nativeEvents=true, acceptSslCerts=true, locationContextEnabled=true, webStorageEnabled=true, browserName=chrome, takesScreenshot=true, javascriptEnabled=true, cssSelectorsEnabled=true, setWindowRect=true, unexpectedAlertBehaviour=}]
Session ID: d4314f8b8f4280f76aabf09f52307a1c">
      <![CDATA[org.openqa.selenium.WebDriverException: unknown error: Element <button aria-label="Add to Cart" class="btn btn_addtobasket btn_addtobasket_add" data-layer-event="{ item : 'ADD TO CART', category : 'PIP ITEM'}" data-relate="{&quot;subsetSectionType&quot;:&quot;primaryGroup&quot;}">...</button> is not clickable at point (834, 20). Other element would receive the click: <a href="https://www.williams-sonoma.com/account/?cm_type=gnav&amp;cm_sp=HeaderLinks-_-SearchBox-_-MyAccount">...</a>
  (Session info: chrome=63.0.3239.132)
  (Driver info: chromedriver=2.33.506120 (e3e53437346286c0bc2d2dc9aa4915ba81d9023f),platform=Windows NT 10.0.16299 x86_64) (WARNING: The server did not provide any stacktrace information)
Command duration or timeout: 61 milliseconds
Build info: version: '3.0.0', revision: '350cf60', time: '2016-10-13 10:48:57 -0700'
System info: host: 'DESKTOP-7A46BKQ', ip: '192.168.0.7', os.name: 'Windows 10', os.arch: 'amd64', os.version: '10.0', java.version: '1.8.0_151'
Driver info: org.openqa.selenium.chrome.ChromeDriver
Capabilities [{applicationCacheEnabled=false, rotatable=false, mobileEmulationEnabled=false, networkConnectionEnabled=false, chrome={chromedriverVersion=2.33.506120 (e3e53437346286c0bc2d2dc9aa4915ba81d9023f), userDataDir=C:\Users\Riya\AppData\Local\Temp\scoped_dir10008_14583}, takesHeapSnapshot=true, pageLoadStrategy=normal, databaseEnabled=false, handlesAlerts=true, hasTouchScreen=false, version=63.0.3239.132, platform=XP, browserConnectionEnabled=false, nativeEvents=true, acceptSslCerts=true, locationContextEnabled=true, webStorageEnabled=true, browserName=chrome, takesScreenshot=true, javascriptEnabled=true, cssSelectorsEnabled=true, setWindowRect=true, unexpectedAlertBehaviour=}]
Session ID: d4314f8b8f4280f76aabf09f52307a1c
	at org.openqa.selenium.remote.ErrorHandler.createThrowable(ErrorHandler.java:216)
	at org.openqa.selenium.remote.ErrorHandler.throwIfResponseFailed(ErrorHandler.java:168)
	at org.openqa.selenium.remote.RemoteWebDriver.execute(RemoteWebDriver.java:635)
	at org.openqa.selenium.remote.RemoteWebElement.execute(RemoteWebElement.java:274)
	at org.openqa.selenium.remote.RemoteWebElement.click(RemoteWebElement.java:84)
	at org.openqa.selenium.support.pagefactory.internal.LocatingElementHandler.invoke(LocatingElementHandler.java:51)
	at com.sun.proxy.$Proxy12.click(Unknown Source)
	at com.williamssonoma.williamsSonomaTestAutomation.WilliamsSonomaCookwareShoppingCartTests.verifyProductSavedForLater(WilliamsSonomaCookwareShoppingCartTests.java:48)
... Removed 31 stack frames]]>
    </failure>
  </testcase> <!-- verifyProductSavedForLater -->
</testsuite> <!-- ws-selenium-automation -->
